<?xml version="1.0" encoding="utf-8"?><testsuites name="pytest tests"><testsuite name="pytest" errors="0" failures="0" skipped="0" tests="24" time="13.981" timestamp="2026-09-13T01:45:14.087805+00:00" hostname="agent-env-ee5636a4-bb6a-42da-9c20-c28ce5caf712"><testcase classname="tests.backend_test" name="test_root" time="0.230" /><testcase classname="tests.backend_test" name="test_admin_login_and_me" time="0.552" /><testcase classname="tests.backend_test" name="test_login_bad_password" time="0.405" /><testcase classname="tests.backend_test" name="test_me_requires_auth" time="0.157" /><testcase classname="tests.backend_test" name="test_register_new_user_and_login" time="0.593" /><testcase classname="tests.backend_test" name="test_admin_overview_gating" time="0.963" /><testcase classname="tests.backend_test" name="test_seller_applications_admin_only" time="0.176" /><testcase classname="tests.backend_test" name="test_create_order_then_get" time="0.375" /><testcase classname="tests.backend_test" name="test_orders_list_buyer_scope" time="0.163" /><testcase classname="tests.backend_test" name="test_order_get_forbidden_for_other" time="0.623" /><testcase classname="tests.backend_test" name="test_order_status_update" time="0.170" /><testcase classname="tests.backend_test" name="test_payments_checkout_returns_stripe_url" time="1.307" /><testcase classname="tests.backend_test" name="test_payments_checkout_not_owner_forbidden" time="0.556" /><testcase classname="tests.backend_test" name="test_download_forbidden_before_payment" time="0.202" /><testcase classname="tests.backend_test" name="test_review_create_and_list" time="0.398" /><testcase classname="tests.backend_test" name="test_review_hide_admin_only" time="0.548" /><testcase classname="tests.backend_test" name="test_saved_toggle" time="0.545" /><testcase classname="tests.backend_test" name="test_seller_upload_product_after_approval" time="1.173" /><testcase classname="tests.backend_test" name="test_non_approved_seller_cannot_upload_product" time="0.206" /><testcase classname="tests.backend_test" name="test_download_after_paid" time="2.270" /><testcase classname="tests.backend_test" name="test_list_products_returns_seeded_catalog" time="0.157" /><testcase classname="tests.backend_test" name="test_get_product_by_id_known_and_unknown" time="0.388" /><testcase classname="tests.backend_test" name="test_list_categories" time="0.168" /><testcase classname="tests.backend_test" name="test_approved_seller_product_appears_in_public_catalog" time="1.114" /></testsuite></testsuites>